<?xml version="1.0" encoding="UTF-8"?>
<!-- Generated by org.testng.reporters.JUnitReportReporter -->
<testsuite hostname="DESKTOP-NF3J3DA" failures="0" tests="1" name="com.tradingview.runner.TradingViewRunner" time="74.213" errors="0" timestamp="2023-02-13T17:00:35 GMT" skipped="0">
  <testcase classname="com.tradingview.runner.TradingViewRunner" name="runScenario" time="74.213"/>
  <system-out/>
</testsuite> <!-- com.tradingview.runner.TradingViewRunner -->
