<?xml version="1.0" encoding="UTF-8"?>
<!-- Generated by org.testng.reporters.JUnitReportReporter -->
<testsuite hostname="DESKTOP-NF3J3DA" failures="0" tests="1" name="com.tradingview.runner.TradingViewRunnerTest" time="26.894" errors="0" timestamp="2023-02-08T15:56:42 GMT" skipped="0">
  <testcase classname="com.tradingview.runner.TradingViewRunnerTest" name="runScenario" time="26.894"/>
  <system-out/>
</testsuite> <!-- com.tradingview.runner.TradingViewRunnerTest -->
